2025-02-05T14:05:14.741+02:00  INFO 111046 --- [price-db-service] [main] com.pricedb.PriceDbServiceApplication    : Starting PriceDbServiceApplication using Java 23.0.1 with PID 111046 (/home/yair/git2/prjects/price-db-service/price-db-service/target/classes started by yair in /home/yair/git2/prjects/price-db-service)
2025-02-05T14:05:14.744+02:00  INFO 111046 --- [price-db-service] [main] com.pricedb.PriceDbServiceApplication    : No active profile set, falling back to 1 default profile: "default"
2025-02-05T14:05:15.586+02:00  INFO 111046 --- [price-db-service] [main] .s.d.r.c.RepositoryConfigurationDelegate : Bootstrapping Spring Data JPA repositories in DEFAULT mode.
2025-02-05T14:05:15.669+02:00  INFO 111046 --- [price-db-service] [main] .s.d.r.c.RepositoryConfigurationDelegate : Finished Spring Data repository scanning in 73 ms. Found 3 JPA repository interfaces.
2025-02-05T14:05:16.358+02:00  INFO 111046 --- [price-db-service] [main] o.s.b.w.embedded.tomcat.TomcatWebServer  : Tomcat initialized with port 8080 (http)
2025-02-05T14:05:16.375+02:00  INFO 111046 --- [price-db-service] [main] o.apache.catalina.core.StandardService   : Starting service [Tomcat]
2025-02-05T14:05:16.376+02:00  INFO 111046 --- [price-db-service] [main] o.apache.catalina.core.StandardEngine    : Starting Servlet engine: [Apache Tomcat/10.1.18]
2025-02-05T14:05:16.469+02:00  INFO 111046 --- [price-db-service] [main] o.a.c.c.C.[Tomcat].[localhost].[/]       : Initializing Spring embedded WebApplicationContext
2025-02-05T14:05:16.469+02:00  INFO 111046 --- [price-db-service] [main] w.s.c.ServletWebServerApplicationContext : Root WebApplicationContext: initialization completed in 1631 ms
2025-02-05T14:05:16.665+02:00  INFO 111046 --- [price-db-service] [main] o.hibernate.jpa.internal.util.LogHelper  : HHH000204: Processing PersistenceUnitInfo [name: default]
2025-02-05T14:05:16.725+02:00  INFO 111046 --- [price-db-service] [main] org.hibernate.Version                    : HHH000412: Hibernate ORM core version 6.4.1.Final
2025-02-05T14:05:16.763+02:00  INFO 111046 --- [price-db-service] [main] o.h.c.internal.RegionFactoryInitiator    : HHH000026: Second-level cache disabled
2025-02-05T14:05:16.871+02:00  WARN 111046 --- [price-db-service] [main] ConfigServletWebServerApplicationContext : Exception encountered during context initialization - cancelling refresh attempt: org.springframework.beans.factory.BeanCreationException: Error creating bean with name 'entityManagerFactory' defined in class path resource [org/springframework/boot/autoconfigure/orm/jpa/HibernateJpaConfiguration.class]: org.hibernate.boot.spi.MetadataBuilderInitializer: Provider org.sqlite.hibernate.dialect.SQLiteMetadataBuilderInitializer could not be instantiated
2025-02-05T14:05:16.873+02:00  INFO 111046 --- [price-db-service] [main] o.apache.catalina.core.StandardService   : Stopping service [Tomcat]
2025-02-05T14:05:16.890+02:00  INFO 111046 --- [price-db-service] [main] .s.b.a.l.ConditionEvaluationReportLogger : 

Error starting ApplicationContext. To display the condition evaluation report re-run your application with 'debug' enabled.
2025-02-05T14:05:16.917+02:00 ERROR 111046 --- [price-db-service] [main] o.s.b.d.LoggingFailureAnalysisReporter   : 

***************************
APPLICATION FAILED TO START
***************************

Description:

An attempt was made to call a method that does not exist. The attempt was made from the following location:

    org.sqlite.hibernate.dialect.SQLiteDialect.<init>(SQLiteDialect.java:58)

The following method did not exist:

    'void org.sqlite.hibernate.dialect.SQLiteDialect.registerColumnType(int, java.lang.String)'

The calling method's class, org.sqlite.hibernate.dialect.SQLiteDialect, was loaded from the following location:

    jar:file:/home/yair/.m2/repository/com/github/gwenn/sqlite-dialect/0.1.4/sqlite-dialect-0.1.4.jar!/org/sqlite/hibernate/dialect/SQLiteDialect.class

The called method's class, org.sqlite.hibernate.dialect.SQLiteDialect, is available from the following locations:

    jar:file:/home/yair/.m2/repository/com/github/gwenn/sqlite-dialect/0.1.4/sqlite-dialect-0.1.4.jar!/org/sqlite/hibernate/dialect/SQLiteDialect.class

The called method's class hierarchy was loaded from the following locations:

    org.sqlite.hibernate.dialect.SQLiteDialect: file:/home/yair/.m2/repository/com/github/gwenn/sqlite-dialect/0.1.4/sqlite-dialect-0.1.4.jar
    org.hibernate.dialect.Dialect: file:/home/yair/.m2/repository/org/hibernate/orm/hibernate-core/6.4.1.Final/hibernate-core-6.4.1.Final.jar


Action:

Correct the classpath of your application so that it contains a single, compatible version of org.sqlite.hibernate.dialect.SQLiteDialect

